<?xml version="1.0" encoding="UTF-8"?>
<!-- Generated by org.testng.reporters.JUnitReportReporter -->
<testsuite hostname="DESKTOP-M71AP27" failures="0" tests="3" name="com.BigBasket.qa.TessCases.TC01_LoginTest" time="9.415" errors="0" timestamp="2022-08-17T14:37:51 IST" skipped="0">
  <testcase classname="com.BigBasket.qa.TessCases.TC01_LoginTest" name="clickLogin" time="4.628"/>
  <system-out/>
  <testcase classname="com.BigBasket.qa.TessCases.TC01_LoginTest" name="enterMob" time="2.515"/>
  <system-out/>
  <testcase classname="com.BigBasket.qa.TessCases.TC01_LoginTest" name="clickContinue" time="2.272"/>
  <system-out/>
</testsuite> <!-- com.BigBasket.qa.TessCases.TC01_LoginTest -->
